# JRE version: Java(TM) SE Runtime Environment (8.0_144-b01) (build 1.8.0_144-b01)
# Java VM: Java HotSpot(TM) 64-Bit Server VM (25.144-b01 mixed mode linux-amd64 compressed oops)
Heap:
 PSYoungGen      total 678912K, used 197689K [0x0000000718600000, 0x0000000746e80000, 0x00000007c0000000)
  eden space 631808K, 23% used [0x0000000718600000,0x0000000721911fb8,0x000000073ef00000)
  from space 47104K, 99% used [0x0000000742880000,0x000000074567c4d0,0x0000000745680000)
  to   space 58880K, 0% used [0x000000073ef00000,0x000000073ef00000,0x0000000742880000)
 ParOldGen       total 188928K, used 59734K [0x00000005c9200000, 0x00000005d4a80000, 0x0000000718600000)
  object space 188928K, 31% used [0x00000005c9200000,0x00000005ccc55ad8,0x00000005d4a80000)
 Metaspace       used 32563K, capacity 32884K, committed 33152K, reserved 1079296K
  class space    used 3515K, capacity 3622K, committed 3712K, reserved 1048576K
GC Heap History (10 events):
Event: 5.461 GC heap before
{Heap before GC invocations=7 (full 1):
 PSYoungGen      total 150528K, used 146398K [0x0000000718600000, 0x0000000728480000, 0x00000007c0000000)
  eden space 129024K, 100% used [0x0000000718600000,0x0000000720400000,0x0000000720400000)
  from space 21504K, 80% used [0x0000000720400000,0x00000007214f7ab8,0x0000000721900000)
  to   space 15360K, 0% used [0x0000000727580000,0x0000000727580000,0x0000000728480000)
 ParOldGen       total 188928K, used 7910K [0x00000005c9200000, 0x00000005d4a80000, 0x0000000718600000)
  object space 188928K, 4% used [0x00000005c9200000,0x00000005c99b98f0,0x00000005d4a80000)
 Metaspace       used 31412K, capacity 31714K, committed 32000K, reserved 1077248K
  class space    used 3376K, capacity 3491K, committed 3584K, reserved 1048576K
Event: 5.470 GC heap after
Heap after GC invocations=7 (full 1):
 PSYoungGen      total 240640K, used 15329K [0x0000000718600000, 0x0000000729700000, 0x00000007c0000000)
  eden space 225280K, 0% used [0x0000000718600000,0x0000000718600000,0x0000000726200000)
  from space 15360K, 99% used [0x0000000727580000,0x0000000728478450,0x0000000728480000)
  to   space 19968K, 0% used [0x0000000726200000,0x0000000726200000,0x0000000727580000)
 ParOldGen       total 188928K, used 11853K [0x00000005c9200000, 0x00000005d4a80000, 0x0000000718600000)
  object space 188928K, 6% used [0x00000005c9200000,0x00000005c9d936a0,0x00000005d4a80000)
 Metaspace       used 31412K, capacity 31714K, committed 32000K, reserved 1077248K
  class space    used 3376K, capacity 3491K, committed 3584K, reserved 1048576K
}
Event: 5.717 GC heap before
{Heap before GC invocations=8 (full 1):
 PSYoungGen      total 240640K, used 240609K [0x0000000718600000, 0x0000000729700000, 0x00000007c0000000)
  eden space 225280K, 100% used [0x0000000718600000,0x0000000726200000,0x0000000726200000)
  from space 15360K, 99% used [0x0000000727580000,0x0000000728478450,0x0000000728480000)
  to   space 19968K, 0% used [0x0000000726200000,0x0000000726200000,0x0000000727580000)
 ParOldGen       total 188928K, used 11853K [0x00000005c9200000, 0x00000005d4a80000, 0x0000000718600000)
  object space 188928K, 6% used [0x00000005c9200000,0x00000005c9d936a0,0x00000005d4a80000)
 Metaspace       used 31413K, capacity 31714K, committed 32000K, reserved 1077248K
  class space    used 3376K, capacity 3491K, committed 3584K, reserved 1048576K
Event: 5.729 GC heap after
Heap after GC invocations=8 (full 1):
 PSYoungGen      total 245248K, used 19962K [0x0000000718600000, 0x0000000735c00000, 0x00000007c0000000)
  eden space 225280K, 0% used [0x0000000718600000,0x0000000718600000,0x0000000726200000)
  from space 19968K, 99% used [0x0000000726200000,0x000000072757e8c0,0x0000000727580000)
  to   space 29184K, 0% used [0x0000000733f80000,0x0000000733f80000,0x0000000735c00000)
 ParOldGen       total 188928K, used 24208K [0x00000005c9200000, 0x00000005d4a80000, 0x0000000718600000)
  object space 188928K, 12% used [0x00000005c9200000,0x00000005ca9a4218,0x00000005d4a80000)
 Metaspace       used 31413K, capacity 31714K, committed 32000K, reserved 1077248K
  class space    used 3376K, capacity 3491K, committed 3584K, reserved 1048576K
}
Event: 6.017 GC heap before
{Heap before GC invocations=9 (full 1):
 PSYoungGen      total 245248K, used 245242K [0x0000000718600000, 0x0000000735c00000, 0x00000007c0000000)
  eden space 225280K, 100% used [0x0000000718600000,0x0000000726200000,0x0000000726200000)
  from space 19968K, 99% used [0x0000000726200000,0x000000072757e8c0,0x0000000727580000)
  to   space 29184K, 0% used [0x0000000733f80000,0x0000000733f80000,0x0000000735c00000)
 ParOldGen       total 188928K, used 24208K [0x00000005c9200000, 0x00000005d4a80000, 0x0000000718600000)
  object space 188928K, 12% used [0x00000005c9200000,0x00000005ca9a4218,0x00000005d4a80000)
 Metaspace       used 31456K, capacity 31784K, committed 32000K, reserved 1077248K
  class space    used 3378K, capacity 3492K, committed 3584K, reserved 1048576K
Event: 6.029 GC heap after
Heap after GC invocations=9 (full 1):
 PSYoungGen      total 448000K, used 27557K [0x0000000718600000, 0x0000000736580000, 0x00000007c0000000)
  eden space 418816K, 0% used [0x0000000718600000,0x0000000718600000,0x0000000731f00000)
  from space 29184K, 94% used [0x0000000733f80000,0x0000000735a69410,0x0000000735c00000)
  to   space 33280K, 0% used [0x0000000731f00000,0x0000000731f00000,0x0000000733f80000)
 ParOldGen       total 188928K, used 25815K [0x00000005c9200000, 0x00000005d4a80000, 0x0000000718600000)
  object space 188928K, 13% used [0x00000005c9200000,0x00000005cab35e68,0x00000005d4a80000)
 Metaspace       used 31456K, capacity 31784K, committed 32000K, reserved 1077248K
  class space    used 3378K, capacity 3492K, committed 3584K, reserved 1048576K
}
Event: 6.582 GC heap before
{Heap before GC invocations=10 (full 1):
 PSYoungGen      total 448000K, used 446373K [0x0000000718600000, 0x0000000736580000, 0x00000007c0000000)
  eden space 418816K, 100% used [0x0000000718600000,0x0000000731f00000,0x0000000731f00000)
  from space 29184K, 94% used [0x0000000733f80000,0x0000000735a69410,0x0000000735c00000)
  to   space 33280K, 0% used [0x0000000731f00000,0x0000000731f00000,0x0000000733f80000)
 ParOldGen       total 188928K, used 25815K [0x00000005c9200000, 0x00000005d4a80000, 0x0000000718600000)
  object space 188928K, 13% used [0x00000005c9200000,0x00000005cab35e68,0x00000005d4a80000)
 Metaspace       used 31475K, capacity 31784K, committed 32000K, reserved 1077248K
  class space    used 3378K, capacity 3492K, committed 3584K, reserved 1048576K
Event: 6.609 GC heap after
Heap after GC invocations=10 (full 1):
 PSYoungGen      total 452096K, used 33259K [0x0000000718600000, 0x0000000745680000, 0x00000007c0000000)
  eden space 418816K, 0% used [0x0000000718600000,0x0000000718600000,0x0000000731f00000)
  from space 33280K, 99% used [0x0000000731f00000,0x0000000733f7afa0,0x0000000733f80000)
  to   space 47104K, 0% used [0x0000000742880000,0x0000000742880000,0x0000000745680000)
 ParOldGen       total 188928K, used 48268K [0x00000005c9200000, 0x00000005d4a80000, 0x0000000718600000)
  object space 188928K, 25% used [0x00000005c9200000,0x00000005cc1233e0,0x00000005d4a80000)
 Metaspace       used 31475K, capacity 31784K, committed 32000K, reserved 1077248K
  class space    used 3378K, capacity 3492K, committed 3584K, reserved 1048576K
}
Event: 7.053 GC heap before
{Heap before GC invocations=11 (full 1):
 PSYoungGen      total 452096K, used 452075K [0x0000000718600000, 0x0000000745680000, 0x00000007c0000000)
  eden space 418816K, 100% used [0x0000000718600000,0x0000000731f00000,0x0000000731f00000)
  from space 33280K, 99% used [0x0000000731f00000,0x0000000733f7afa0,0x0000000733f80000)
  to   space 47104K, 0% used [0x0000000742880000,0x0000000742880000,0x0000000745680000)
 ParOldGen       total 188928K, used 48268K [0x00000005c9200000, 0x00000005d4a80000, 0x0000000718600000)
  object space 188928K, 25% used [0x00000005c9200000,0x00000005cc1233e0,0x00000005d4a80000)
 Metaspace       used 31494K, capacity 31854K, committed 32256K, reserved 1077248K
  class space    used 3379K, capacity 3493K, committed 3584K, reserved 1048576K
Event: 7.075 GC heap after
Heap after GC invocations=11 (full 1):
 PSYoungGen      total 678912K, used 47089K [0x0000000718600000, 0x0000000746e80000, 0x00000007c0000000)
  eden space 631808K, 0% used [0x0000000718600000,0x0000000718600000,0x000000073ef00000)
  from space 47104K, 99% used [0x0000000742880000,0x000000074567c4d0,0x0000000745680000)
  to   space 58880K, 0% used [0x000000073ef00000,0x000000073ef00000,0x0000000742880000)
 ParOldGen       total 188928K, used 59734K [0x00000005c9200000, 0x00000005d4a80000, 0x0000000718600000)
  object space 188928K, 31% used [0x00000005c9200000,0x00000005ccc55ad8,0x00000005d4a80000)
 Metaspace       used 31494K, capacity 31854K, committed 32256K, reserved 1077248K
  class space    used 3379K, capacity 3493K, committed 3584K, reserved 1048576K
}

