# JRE version: Java(TM) SE Runtime Environment (8.0_144-b01) (build 1.8.0_144-b01)
# Java VM: Java HotSpot(TM) 64-Bit Server VM (25.144-b01 mixed mode linux-amd64 compressed oops)
Heap:
 PSYoungGen      total 1141760K, used 223996K [0x0000000718600000, 0x0000000763400000, 0x00000007c0000000)
  eden space 1062912K, 21% used [0x0000000718600000,0x00000007260bf280,0x0000000759400000)
  from space 78848K, 0% used [0x000000075e700000,0x000000075e700000,0x0000000763400000)
  to   space 81920K, 0% used [0x0000000759400000,0x0000000759400000,0x000000075e400000)
 ParOldGen       total 248320K, used 44624K [0x00000005c9200000, 0x00000005d8480000, 0x0000000718600000)
  object space 248320K, 17% used [0x00000005c9200000,0x00000005cbd94030,0x00000005d8480000)
 Metaspace       used 42837K, capacity 43398K, committed 43736K, reserved 1087488K
  class space    used 4622K, capacity 4800K, committed 4864K, reserved 1048576K
GC Heap History (10 events):
Event: 8.312 GC heap before
{Heap before GC invocations=10 (full 1):
 PSYoungGen      total 475136K, used 475119K [0x0000000718600000, 0x0000000738580000, 0x00000007c0000000)
  eden space 445440K, 100% used [0x0000000718600000,0x0000000733900000,0x0000000733900000)
  from space 29696K, 99% used [0x0000000735b80000,0x000000073787bd78,0x0000000737880000)
  to   space 35328K, 0% used [0x0000000733900000,0x0000000733900000,0x0000000735b80000)
 ParOldGen       total 167424K, used 27953K [0x00000005c9200000, 0x00000005d3580000, 0x0000000718600000)
  object space 167424K, 16% used [0x00000005c9200000,0x00000005cad4c458,0x00000005d3580000)
 Metaspace       used 32010K, capacity 32354K, committed 32640K, reserved 1079296K
  class space    used 3481K, capacity 3585K, committed 3712K, reserved 1048576K
Event: 8.339 GC heap after
Heap after GC invocations=10 (full 1):
 PSYoungGen      total 480768K, used 35317K [0x0000000718600000, 0x0000000748d00000, 0x00000007c0000000)
  eden space 445440K, 0% used [0x0000000718600000,0x0000000718600000,0x0000000733900000)
  from space 35328K, 99% used [0x0000000733900000,0x0000000735b7d518,0x0000000735b80000)
  to   space 49664K, 0% used [0x0000000745c80000,0x0000000745c80000,0x0000000748d00000)
 ParOldGen       total 167424K, used 50236K [0x00000005c9200000, 0x00000005d3580000, 0x0000000718600000)
  object space 167424K, 30% used [0x00000005c9200000,0x00000005cc30f2d8,0x00000005d3580000)
 Metaspace       used 32010K, capacity 32354K, committed 32640K, reserved 1079296K
  class space    used 3481K, capacity 3585K, committed 3712K, reserved 1048576K
}
Event: 8.813 GC heap before
{Heap before GC invocations=11 (full 1):
 PSYoungGen      total 480768K, used 480757K [0x0000000718600000, 0x0000000748d00000, 0x00000007c0000000)
  eden space 445440K, 100% used [0x0000000718600000,0x0000000733900000,0x0000000733900000)
  from space 35328K, 99% used [0x0000000733900000,0x0000000735b7d518,0x0000000735b80000)
  to   space 49664K, 0% used [0x0000000745c80000,0x0000000745c80000,0x0000000748d00000)
 ParOldGen       total 167424K, used 50236K [0x00000005c9200000, 0x00000005d3580000, 0x0000000718600000)
  object space 167424K, 30% used [0x00000005c9200000,0x00000005cc30f2d8,0x00000005d3580000)
 Metaspace       used 32024K, capacity 32354K, committed 32640K, reserved 1079296K
  class space    used 3481K, capacity 3585K, committed 3712K, reserved 1048576K
Event: 8.837 GC heap after
Heap after GC invocations=11 (full 1):
 PSYoungGen      total 730112K, used 49632K [0x0000000718600000, 0x000000074a980000, 0x00000007c0000000)
  eden space 680448K, 0% used [0x0000000718600000,0x0000000718600000,0x0000000741e80000)
  from space 49664K, 99% used [0x0000000745c80000,0x0000000748cf81a8,0x0000000748d00000)
  to   space 63488K, 0% used [0x0000000741e80000,0x0000000741e80000,0x0000000745c80000)
 ParOldGen       total 167424K, used 66114K [0x00000005c9200000, 0x00000005d3580000, 0x0000000718600000)
  object space 167424K, 39% used [0x00000005c9200000,0x00000005cd290bd0,0x00000005d3580000)
 Metaspace       used 32024K, capacity 32354K, committed 32640K, reserved 1079296K
  class space    used 3481K, capacity 3585K, committed 3712K, reserved 1048576K
}
Event: 9.760 GC heap before
{Heap before GC invocations=12 (full 1):
 PSYoungGen      total 730112K, used 730080K [0x0000000718600000, 0x000000074a980000, 0x00000007c0000000)
  eden space 680448K, 100% used [0x0000000718600000,0x0000000741e80000,0x0000000741e80000)
  from space 49664K, 99% used [0x0000000745c80000,0x0000000748cf81a8,0x0000000748d00000)
  to   space 63488K, 0% used [0x0000000741e80000,0x0000000741e80000,0x0000000745c80000)
 ParOldGen       total 167424K, used 66114K [0x00000005c9200000, 0x00000005d3580000, 0x0000000718600000)
  object space 167424K, 39% used [0x00000005c9200000,0x00000005cd290bd0,0x00000005d3580000)
 Metaspace       used 32044K, capacity 32424K, committed 32640K, reserved 1079296K
  class space    used 3485K, capacity 3586K, committed 3712K, reserved 1048576K
Event: 9.800 GC heap after
Heap after GC invocations=12 (full 1):
 PSYoungGen      total 743936K, used 63486K [0x0000000718600000, 0x0000000763a00000, 0x00000007c0000000)
  eden space 680448K, 0% used [0x0000000718600000,0x0000000718600000,0x0000000741e80000)
  from space 63488K, 99% used [0x0000000741e80000,0x0000000745c7f8a0,0x0000000745c80000)
  to   space 84992K, 0% used [0x000000075e700000,0x000000075e700000,0x0000000763a00000)
 ParOldGen       total 167424K, used 96630K [0x00000005c9200000, 0x00000005d3580000, 0x0000000718600000)
  object space 167424K, 57% used [0x00000005c9200000,0x00000005cf05d8d0,0x00000005d3580000)
 Metaspace       used 32044K, capacity 32424K, committed 32640K, reserved 1079296K
  class space    used 3485K, capacity 3586K, committed 3712K, reserved 1048576K
}
Event: 10.363 GC heap before
{Heap before GC invocations=13 (full 1):
 PSYoungGen      total 743936K, used 375818K [0x0000000718600000, 0x0000000763a00000, 0x00000007c0000000)
  eden space 680448K, 45% used [0x0000000718600000,0x000000072b7030c8,0x0000000741e80000)
  from space 63488K, 99% used [0x0000000741e80000,0x0000000745c7f8a0,0x0000000745c80000)
  to   space 84992K, 0% used [0x000000075e700000,0x000000075e700000,0x0000000763a00000)
 ParOldGen       total 167424K, used 96630K [0x00000005c9200000, 0x00000005d3580000, 0x0000000718600000)
  object space 167424K, 57% used [0x00000005c9200000,0x00000005cf05d8d0,0x00000005d3580000)
 Metaspace       used 34881K, capacity 35248K, committed 35416K, reserved 1081344K
  class space    used 3789K, capacity 3926K, committed 3968K, reserved 1048576K
Event: 10.385 GC heap after
Heap after GC invocations=13 (full 1):
 PSYoungGen      total 1141760K, used 38738K [0x0000000718600000, 0x0000000763400000, 0x00000007c0000000)
  eden space 1062912K, 0% used [0x0000000718600000,0x0000000718600000,0x0000000759400000)
  from space 78848K, 49% used [0x000000075e700000,0x0000000760cd4838,0x0000000763400000)
  to   space 81920K, 0% used [0x0000000759400000,0x0000000759400000,0x000000075e400000)
 ParOldGen       total 167424K, used 103324K [0x00000005c9200000, 0x00000005d3580000, 0x0000000718600000)
  object space 167424K, 61% used [0x00000005c9200000,0x00000005cf6e73b8,0x00000005d3580000)
 Metaspace       used 34881K, capacity 35248K, committed 35416K, reserved 1081344K
  class space    used 3789K, capacity 3926K, committed 3968K, reserved 1048576K
}
Event: 10.385 GC heap before
{Heap before GC invocations=14 (full 2):
 PSYoungGen      total 1141760K, used 38738K [0x0000000718600000, 0x0000000763400000, 0x00000007c0000000)
  eden space 1062912K, 0% used [0x0000000718600000,0x0000000718600000,0x0000000759400000)
  from space 78848K, 49% used [0x000000075e700000,0x0000000760cd4838,0x0000000763400000)
  to   space 81920K, 0% used [0x0000000759400000,0x0000000759400000,0x000000075e400000)
 ParOldGen       total 167424K, used 103324K [0x00000005c9200000, 0x00000005d3580000, 0x0000000718600000)
  object space 167424K, 61% used [0x00000005c9200000,0x00000005cf6e73b8,0x00000005d3580000)
 Metaspace       used 34881K, capacity 35248K, committed 35416K, reserved 1081344K
  class space    used 3789K, capacity 3926K, committed 3968K, reserved 1048576K
Event: 10.421 GC heap after
Heap after GC invocations=14 (full 2):
 PSYoungGen      total 1141760K, used 0K [0x0000000718600000, 0x0000000763400000, 0x00000007c0000000)
  eden space 1062912K, 0% used [0x0000000718600000,0x0000000718600000,0x0000000759400000)
  from space 78848K, 0% used [0x000000075e700000,0x000000075e700000,0x0000000763400000)
  to   space 81920K, 0% used [0x0000000759400000,0x0000000759400000,0x000000075e400000)
 ParOldGen       total 248320K, used 44624K [0x00000005c9200000, 0x00000005d8480000, 0x0000000718600000)
  object space 248320K, 17% used [0x00000005c9200000,0x00000005cbd94030,0x00000005d8480000)
 Metaspace       used 34881K, capacity 35248K, committed 35416K, reserved 1081344K
  class space    used 3789K, capacity 3926K, committed 3968K, reserved 1048576K
}

