# JRE version: Java(TM) SE Runtime Environment (8.0_144-b01) (build 1.8.0_144-b01)
# Java VM: Java HotSpot(TM) 64-Bit Server VM (25.144-b01 mixed mode linux-amd64 compressed oops)
Heap:
 PSYoungGen      total 641024K, used 375577K [0x0000000718600000, 0x0000000744680000, 0x00000007c0000000)
  eden space 595968K, 55% used [0x0000000718600000,0x000000072c8cdcb8,0x000000073cc00000)
  from space 45056K, 99% used [0x0000000740300000,0x0000000742ef8960,0x0000000742f00000)
  to   space 56320K, 4% used [0x000000073cc00000,0x000000073cead030,0x0000000740300000)
 ParOldGen       total 186368K, used 57915K [0x00000005c9200000, 0x00000005d4800000, 0x0000000718600000)
  object space 186368K, 31% used [0x00000005c9200000,0x00000005cca8ee88,0x00000005d4800000)
 Metaspace       used 34762K, capacity 35168K, committed 35456K, reserved 1081344K
  class space    used 3737K, capacity 3872K, committed 3968K, reserved 1048576K
GC Heap History (10 events):
Event: 13.717 GC heap after
Heap after GC invocations=7 (full 1):
 PSYoungGen      total 230400K, used 14830K [0x0000000718600000, 0x0000000729100000, 0x00000007c0000000)
  eden space 215552K, 0% used [0x0000000718600000,0x0000000718600000,0x0000000725880000)
  from space 14848K, 99% used [0x0000000726b80000,0x00000007279fb970,0x0000000727a00000)
  to   space 19456K, 0% used [0x0000000725880000,0x0000000725880000,0x0000000726b80000)
 ParOldGen       total 186368K, used 11769K [0x00000005c9200000, 0x00000005d4800000, 0x0000000718600000)
  object space 186368K, 6% used [0x00000005c9200000,0x00000005c9d7e438,0x00000005d4800000)
 Metaspace       used 31667K, capacity 31976K, committed 32256K, reserved 1077248K
  class space    used 3376K, capacity 3492K, committed 3584K, reserved 1048576K
}
Event: 13.966 GC heap before
{Heap before GC invocations=8 (full 1):
 PSYoungGen      total 230400K, used 230382K [0x0000000718600000, 0x0000000729100000, 0x00000007c0000000)
  eden space 215552K, 100% used [0x0000000718600000,0x0000000725880000,0x0000000725880000)
  from space 14848K, 99% used [0x0000000726b80000,0x00000007279fb970,0x0000000727a00000)
  to   space 19456K, 0% used [0x0000000725880000,0x0000000725880000,0x0000000726b80000)
 ParOldGen       total 186368K, used 11769K [0x00000005c9200000, 0x00000005d4800000, 0x0000000718600000)
  object space 186368K, 6% used [0x00000005c9200000,0x00000005c9d7e438,0x00000005d4800000)
 Metaspace       used 31669K, capacity 32040K, committed 32256K, reserved 1077248K
  class space    used 3377K, capacity 3492K, committed 3584K, reserved 1048576K
Event: 13.980 GC heap after
Heap after GC invocations=8 (full 1):
 PSYoungGen      total 235008K, used 19451K [0x0000000718600000, 0x0000000734480000, 0x00000007c0000000)
  eden space 215552K, 0% used [0x0000000718600000,0x0000000718600000,0x0000000725880000)
  from space 19456K, 99% used [0x0000000725880000,0x0000000726b7efc8,0x0000000726b80000)
  to   space 28672K, 0% used [0x0000000732880000,0x0000000732880000,0x0000000734480000)
 ParOldGen       total 186368K, used 23523K [0x00000005c9200000, 0x00000005d4800000, 0x0000000718600000)
  object space 186368K, 12% used [0x00000005c9200000,0x00000005ca8f8d90,0x00000005d4800000)
 Metaspace       used 31669K, capacity 32040K, committed 32256K, reserved 1077248K
  class space    used 3377K, capacity 3492K, committed 3584K, reserved 1048576K
}
Event: 14.227 GC heap before
{Heap before GC invocations=9 (full 1):
 PSYoungGen      total 235008K, used 235003K [0x0000000718600000, 0x0000000734480000, 0x00000007c0000000)
  eden space 215552K, 100% used [0x0000000718600000,0x0000000725880000,0x0000000725880000)
  from space 19456K, 99% used [0x0000000725880000,0x0000000726b7efc8,0x0000000726b80000)
  to   space 28672K, 0% used [0x0000000732880000,0x0000000732880000,0x0000000734480000)
 ParOldGen       total 186368K, used 23523K [0x00000005c9200000, 0x00000005d4800000, 0x0000000718600000)
  object space 186368K, 12% used [0x00000005c9200000,0x00000005ca8f8d90,0x00000005d4800000)
 Metaspace       used 31700K, capacity 32104K, committed 32512K, reserved 1079296K
  class space    used 3378K, capacity 3492K, committed 3584K, reserved 1048576K
Event: 14.240 GC heap after
Heap after GC invocations=9 (full 1):
 PSYoungGen      total 424448K, used 26742K [0x0000000718600000, 0x0000000735080000, 0x00000007c0000000)
  eden space 395776K, 0% used [0x0000000718600000,0x0000000718600000,0x0000000730880000)
  from space 28672K, 93% used [0x0000000732880000,0x000000073429d8a0,0x0000000734480000)
  to   space 32768K, 0% used [0x0000000730880000,0x0000000730880000,0x0000000732880000)
 ParOldGen       total 186368K, used 24840K [0x00000005c9200000, 0x00000005d4800000, 0x0000000718600000)
  object space 186368K, 13% used [0x00000005c9200000,0x00000005caa421c8,0x00000005d4800000)
 Metaspace       used 31700K, capacity 32104K, committed 32512K, reserved 1079296K
  class space    used 3378K, capacity 3492K, committed 3584K, reserved 1048576K
}
Event: 14.804 GC heap before
{Heap before GC invocations=10 (full 1):
 PSYoungGen      total 424448K, used 422518K [0x0000000718600000, 0x0000000735080000, 0x00000007c0000000)
  eden space 395776K, 100% used [0x0000000718600000,0x0000000730880000,0x0000000730880000)
  from space 28672K, 93% used [0x0000000732880000,0x000000073429d8a0,0x0000000734480000)
  to   space 32768K, 0% used [0x0000000730880000,0x0000000730880000,0x0000000732880000)
 ParOldGen       total 186368K, used 24840K [0x00000005c9200000, 0x00000005d4800000, 0x0000000718600000)
  object space 186368K, 13% used [0x00000005c9200000,0x00000005caa421c8,0x00000005d4800000)
 Metaspace       used 31727K, capacity 32110K, committed 32512K, reserved 1079296K
  class space    used 3379K, capacity 3493K, committed 3584K, reserved 1048576K
Event: 14.838 GC heap after
Heap after GC invocations=10 (full 1):
 PSYoungGen      total 428544K, used 32764K [0x0000000718600000, 0x0000000742f00000, 0x00000007c0000000)
  eden space 395776K, 0% used [0x0000000718600000,0x0000000718600000,0x0000000730880000)
  from space 32768K, 99% used [0x0000000730880000,0x000000073287f2f0,0x0000000732880000)
  to   space 45056K, 0% used [0x0000000740300000,0x0000000740300000,0x0000000742f00000)
 ParOldGen       total 186368K, used 42182K [0x00000005c9200000, 0x00000005d4800000, 0x0000000718600000)
  object space 186368K, 22% used [0x00000005c9200000,0x00000005cbb318e0,0x00000005d4800000)
 Metaspace       used 31727K, capacity 32110K, committed 32512K, reserved 1079296K
  class space    used 3379K, capacity 3493K, committed 3584K, reserved 1048576K
}
Event: 15.276 GC heap before
{Heap before GC invocations=11 (full 1):
 PSYoungGen      total 428544K, used 428540K [0x0000000718600000, 0x0000000742f00000, 0x00000007c0000000)
  eden space 395776K, 100% used [0x0000000718600000,0x0000000730880000,0x0000000730880000)
  from space 32768K, 99% used [0x0000000730880000,0x000000073287f2f0,0x0000000732880000)
  to   space 45056K, 0% used [0x0000000740300000,0x0000000740300000,0x0000000742f00000)
 ParOldGen       total 186368K, used 42182K [0x00000005c9200000, 0x00000005d4800000, 0x0000000718600000)
  object space 186368K, 22% used [0x00000005c9200000,0x00000005cbb318e0,0x00000005d4800000)
 Metaspace       used 31733K, capacity 32110K, committed 32512K, reserved 1079296K
  class space    used 3379K, capacity 3493K, committed 3584K, reserved 1048576K
Event: 15.298 GC heap after
Heap after GC invocations=11 (full 1):
 PSYoungGen      total 641024K, used 45026K [0x0000000718600000, 0x0000000744680000, 0x00000007c0000000)
  eden space 595968K, 0% used [0x0000000718600000,0x0000000718600000,0x000000073cc00000)
  from space 45056K, 99% used [0x0000000740300000,0x0000000742ef8960,0x0000000742f00000)
  to   space 56320K, 0% used [0x000000073cc00000,0x000000073cc00000,0x0000000740300000)
 ParOldGen       total 186368K, used 54008K [0x00000005c9200000, 0x00000005d4800000, 0x0000000718600000)
  object space 186368K, 28% used [0x00000005c9200000,0x00000005cc6be278,0x00000005d4800000)
 Metaspace       used 31733K, capacity 32110K, committed 32512K, reserved 1079296K
  class space    used 3379K, capacity 3493K, committed 3584K, reserved 1048576K
}
Event: 15.928 GC heap before
{Heap before GC invocations=12 (full 1):
 PSYoungGen      total 641024K, used 375577K [0x0000000718600000, 0x0000000744680000, 0x00000007c0000000)
  eden space 595968K, 55% used [0x0000000718600000,0x000000072c8cdcb8,0x000000073cc00000)
  from space 45056K, 99% used [0x0000000740300000,0x0000000742ef8960,0x0000000742f00000)
  to   space 56320K, 0% used [0x000000073cc00000,0x000000073cc00000,0x0000000740300000)
 ParOldGen       total 186368K, used 54008K [0x00000005c9200000, 0x00000005d4800000, 0x0000000718600000)
  object space 186368K, 28% used [0x00000005c9200000,0x00000005cc6be278,0x00000005d4800000)
 Metaspace       used 34762K, capacity 35168K, committed 35456K, reserved 1081344K
  class space    used 3737K, capacity 3872K, committed 3968K, reserved 1048576K

