# JRE version: Java(TM) SE Runtime Environment (8.0_144-b01) (build 1.8.0_144-b01)
# Java VM: Java HotSpot(TM) 64-Bit Server VM (25.144-b01 mixed mode linux-amd64 compressed oops)
Heap:
 PSYoungGen      total 656384K, used 34472K [0x0000000718600000, 0x0000000756b80000, 0x00000007c0000000)
  eden space 599040K, 0% used [0x0000000718600000,0x0000000718600000,0x000000073cf00000)
  from space 57344K, 60% used [0x000000073cf00000,0x000000073f0aa150,0x0000000740700000)
  to   space 57856K, 0% used [0x0000000753300000,0x0000000753300000,0x0000000756b80000)
 ParOldGen       total 193536K, used 61349K [0x00000005c9200000, 0x00000005d4f00000, 0x0000000718600000)
  object space 193536K, 31% used [0x00000005c9200000,0x00000005ccde9700,0x00000005d4f00000)
 Metaspace       used 34820K, capacity 35130K, committed 35456K, reserved 1081344K
  class space    used 3738K, capacity 3859K, committed 3968K, reserved 1048576K
GC Heap History (10 events):
Event: 5.738 GC heap after
Heap after GC invocations=8 (full 1):
 PSYoungGen      total 241152K, used 19432K [0x0000000718600000, 0x0000000734c00000, 0x00000007c0000000)
  eden space 221696K, 0% used [0x0000000718600000,0x0000000718600000,0x0000000725e80000)
  from space 19456K, 99% used [0x0000000725e80000,0x000000072717a110,0x0000000727180000)
  to   space 28672K, 0% used [0x0000000733000000,0x0000000733000000,0x0000000734c00000)
 ParOldGen       total 193536K, used 24035K [0x00000005c9200000, 0x00000005d4f00000, 0x0000000718600000)
  object space 193536K, 12% used [0x00000005c9200000,0x00000005ca978d60,0x00000005d4f00000)
 Metaspace       used 31415K, capacity 31710K, committed 32000K, reserved 1077248K
  class space    used 3377K, capacity 3491K, committed 3584K, reserved 1048576K
}
Event: 5.998 GC heap before
{Heap before GC invocations=9 (full 1):
 PSYoungGen      total 241152K, used 241128K [0x0000000718600000, 0x0000000734c00000, 0x00000007c0000000)
  eden space 221696K, 100% used [0x0000000718600000,0x0000000725e80000,0x0000000725e80000)
  from space 19456K, 99% used [0x0000000725e80000,0x000000072717a110,0x0000000727180000)
  to   space 28672K, 0% used [0x0000000733000000,0x0000000733000000,0x0000000734c00000)
 ParOldGen       total 193536K, used 24035K [0x00000005c9200000, 0x00000005d4f00000, 0x0000000718600000)
  object space 193536K, 12% used [0x00000005c9200000,0x00000005ca978d60,0x00000005d4f00000)
 Metaspace       used 31456K, capacity 31780K, committed 32000K, reserved 1077248K
  class space    used 3379K, capacity 3492K, committed 3584K, reserved 1048576K
Event: 6.010 GC heap after
Heap after GC invocations=9 (full 1):
 PSYoungGen      total 432128K, used 27188K [0x0000000718600000, 0x0000000735600000, 0x00000007c0000000)
  eden space 403456K, 0% used [0x0000000718600000,0x0000000718600000,0x0000000731000000)
  from space 28672K, 94% used [0x0000000733000000,0x0000000734a8d368,0x0000000734c00000)
  to   space 32768K, 0% used [0x0000000731000000,0x0000000731000000,0x0000000733000000)
 ParOldGen       total 193536K, used 25626K [0x00000005c9200000, 0x00000005d4f00000, 0x0000000718600000)
  object space 193536K, 13% used [0x00000005c9200000,0x00000005cab06b58,0x00000005d4f00000)
 Metaspace       used 31456K, capacity 31780K, committed 32000K, reserved 1077248K
  class space    used 3379K, capacity 3492K, committed 3584K, reserved 1048576K
}
Event: 6.510 GC heap before
{Heap before GC invocations=10 (full 1):
 PSYoungGen      total 432128K, used 430644K [0x0000000718600000, 0x0000000735600000, 0x00000007c0000000)
  eden space 403456K, 100% used [0x0000000718600000,0x0000000731000000,0x0000000731000000)
  from space 28672K, 94% used [0x0000000733000000,0x0000000734a8d368,0x0000000734c00000)
  to   space 32768K, 0% used [0x0000000731000000,0x0000000731000000,0x0000000733000000)
 ParOldGen       total 193536K, used 25626K [0x00000005c9200000, 0x00000005d4f00000, 0x0000000718600000)
  object space 193536K, 13% used [0x00000005c9200000,0x00000005cab06b58,0x00000005d4f00000)
 Metaspace       used 31474K, capacity 31780K, committed 32000K, reserved 1077248K
  class space    used 3379K, capacity 3492K, committed 3584K, reserved 1048576K
Event: 6.534 GC heap after
Heap after GC invocations=10 (full 1):
 PSYoungGen      total 436224K, used 32743K [0x0000000718600000, 0x0000000743400000, 0x00000007c0000000)
  eden space 403456K, 0% used [0x0000000718600000,0x0000000718600000,0x0000000731000000)
  from space 32768K, 99% used [0x0000000731000000,0x0000000732ff9fa0,0x0000000733000000)
  to   space 46080K, 0% used [0x0000000740700000,0x0000000740700000,0x0000000743400000)
 ParOldGen       total 193536K, used 46735K [0x00000005c9200000, 0x00000005d4f00000, 0x0000000718600000)
  object space 193536K, 24% used [0x00000005c9200000,0x00000005cbfa3ff8,0x00000005d4f00000)
 Metaspace       used 31474K, capacity 31780K, committed 32000K, reserved 1077248K
  class space    used 3379K, capacity 3492K, committed 3584K, reserved 1048576K
}
Event: 6.963 GC heap before
{Heap before GC invocations=11 (full 1):
 PSYoungGen      total 436224K, used 436199K [0x0000000718600000, 0x0000000743400000, 0x00000007c0000000)
  eden space 403456K, 100% used [0x0000000718600000,0x0000000731000000,0x0000000731000000)
  from space 32768K, 99% used [0x0000000731000000,0x0000000732ff9fa0,0x0000000733000000)
  to   space 46080K, 0% used [0x0000000740700000,0x0000000740700000,0x0000000743400000)
 ParOldGen       total 193536K, used 46735K [0x00000005c9200000, 0x00000005d4f00000, 0x0000000718600000)
  object space 193536K, 24% used [0x00000005c9200000,0x00000005cbfa3ff8,0x00000005d4f00000)
 Metaspace       used 31492K, capacity 31786K, committed 32000K, reserved 1077248K
  class space    used 3379K, capacity 3493K, committed 3584K, reserved 1048576K
Event: 6.984 GC heap after
Heap after GC invocations=11 (full 1):
 PSYoungGen      total 645120K, used 46068K [0x0000000718600000, 0x0000000744b80000, 0x00000007c0000000)
  eden space 599040K, 0% used [0x0000000718600000,0x0000000718600000,0x000000073cf00000)
  from space 46080K, 99% used [0x0000000740700000,0x00000007433fd110,0x0000000743400000)
  to   space 57344K, 0% used [0x000000073cf00000,0x000000073cf00000,0x0000000740700000)
 ParOldGen       total 193536K, used 57273K [0x00000005c9200000, 0x00000005d4f00000, 0x0000000718600000)
  object space 193536K, 29% used [0x00000005c9200000,0x00000005cc9ee6d0,0x00000005d4f00000)
 Metaspace       used 31492K, capacity 31786K, committed 32000K, reserved 1077248K
  class space    used 3379K, capacity 3493K, committed 3584K, reserved 1048576K
}
Event: 7.483 GC heap before
{Heap before GC invocations=12 (full 1):
 PSYoungGen      total 645120K, used 318126K [0x0000000718600000, 0x0000000744b80000, 0x00000007c0000000)
  eden space 599040K, 45% used [0x0000000718600000,0x0000000728fae9d0,0x000000073cf00000)
  from space 46080K, 99% used [0x0000000740700000,0x00000007433fd110,0x0000000743400000)
  to   space 57344K, 0% used [0x000000073cf00000,0x000000073cf00000,0x0000000740700000)
 ParOldGen       total 193536K, used 57273K [0x00000005c9200000, 0x00000005d4f00000, 0x0000000718600000)
  object space 193536K, 29% used [0x00000005c9200000,0x00000005cc9ee6d0,0x00000005d4f00000)
 Metaspace       used 34820K, capacity 35130K, committed 35456K, reserved 1081344K
  class space    used 3738K, capacity 3859K, committed 3968K, reserved 1048576K
Event: 7.499 GC heap after
Heap after GC invocations=12 (full 1):
 PSYoungGen      total 656384K, used 34472K [0x0000000718600000, 0x0000000756b80000, 0x00000007c0000000)
  eden space 599040K, 0% used [0x0000000718600000,0x0000000718600000,0x000000073cf00000)
  from space 57344K, 60% used [0x000000073cf00000,0x000000073f0aa150,0x0000000740700000)
  to   space 57856K, 0% used [0x0000000753300000,0x0000000753300000,0x0000000756b80000)
 ParOldGen       total 193536K, used 61349K [0x00000005c9200000, 0x00000005d4f00000, 0x0000000718600000)
  object space 193536K, 31% used [0x00000005c9200000,0x00000005ccde9700,0x00000005d4f00000)
 Metaspace       used 34820K, capacity 35130K, committed 35456K, reserved 1081344K
  class space    used 3738K, capacity 3859K, committed 3968K, reserved 1048576K
}
Event: 7.499 GC heap before
{Heap before GC invocations=13 (full 2):
 PSYoungGen      total 656384K, used 34472K [0x0000000718600000, 0x0000000756b80000, 0x00000007c0000000)
  eden space 599040K, 0% used [0x0000000718600000,0x0000000718600000,0x000000073cf00000)
  from space 57344K, 60% used [0x000000073cf00000,0x000000073f0aa150,0x0000000740700000)
  to   space 57856K, 0% used [0x0000000753300000,0x0000000753300000,0x0000000756b80000)
 ParOldGen       total 193536K, used 61349K [0x00000005c9200000, 0x00000005d4f00000, 0x0000000718600000)
  object space 193536K, 31% used [0x00000005c9200000,0x00000005ccde9700,0x00000005d4f00000)
 Metaspace       used 34820K, capacity 35130K, committed 35456K, reserved 1081344K
  class space    used 3738K, capacity 3859K, committed 3968K, reserved 1048576K

