# JRE version: Java(TM) SE Runtime Environment (8.0_144-b01) (build 1.8.0_144-b01)
# Java VM: Java HotSpot(TM) 64-Bit Server VM (25.144-b01 mixed mode linux-amd64 compressed oops)
Heap:
 PSYoungGen      total 150528K, used 24988K [0x0000000718600000, 0x0000000722e00000, 0x00000007c0000000)
  eden space 129024K, 12% used [0x0000000718600000,0x0000000719601658,0x0000000720400000)
  from space 21504K, 39% used [0x0000000721900000,0x00000007221659d8,0x0000000722e00000)
  to   space 21504K, 0% used [0x0000000720400000,0x0000000720400000,0x0000000721900000)
 ParOldGen       total 344064K, used 24K [0x00000005c9200000, 0x00000005de200000, 0x0000000718600000)
  object space 344064K, 0% used [0x00000005c9200000,0x00000005c9206000,0x00000005de200000)
 Metaspace       used 19071K, capacity 19336K, committed 19712K, reserved 1067008K
  class space    used 2320K, capacity 2443K, committed 2560K, reserved 1048576K
GC Heap History (4 events):
Event: 0.564 GC heap before
{Heap before GC invocations=1 (full 0):
 PSYoungGen      total 150528K, used 129024K [0x0000000718600000, 0x0000000722e00000, 0x00000007c0000000)
  eden space 129024K, 100% used [0x0000000718600000,0x0000000720400000,0x0000000720400000)
  from space 21504K, 0% used [0x0000000721900000,0x0000000721900000,0x0000000722e00000)
  to   space 21504K, 0% used [0x0000000720400000,0x0000000720400000,0x0000000721900000)
 ParOldGen       total 344064K, used 0K [0x00000005c9200000, 0x00000005de200000, 0x0000000718600000)
  object space 344064K, 0% used [0x00000005c9200000,0x00000005c9200000,0x00000005de200000)
 Metaspace       used 11414K, capacity 11624K, committed 11904K, reserved 1060864K
  class space    used 1335K, capacity 1398K, committed 1408K, reserved 1048576K
Event: 0.567 GC heap after
Heap after GC invocations=1 (full 0):
 PSYoungGen      total 150528K, used 7281K [0x0000000718600000, 0x0000000722e00000, 0x00000007c0000000)
  eden space 129024K, 0% used [0x0000000718600000,0x0000000718600000,0x0000000720400000)
  from space 21504K, 33% used [0x0000000720400000,0x0000000720b1c6f0,0x0000000721900000)
  to   space 21504K, 0% used [0x0000000721900000,0x0000000721900000,0x0000000722e00000)
 ParOldGen       total 344064K, used 16K [0x00000005c9200000, 0x00000005de200000, 0x0000000718600000)
  object space 344064K, 0% used [0x00000005c9200000,0x00000005c9204000,0x00000005de200000)
 Metaspace       used 11414K, capacity 11624K, committed 11904K, reserved 1060864K
  class space    used 1335K, capacity 1398K, committed 1408K, reserved 1048576K
}
Event: 0.898 GC heap before
{Heap before GC invocations=2 (full 0):
 PSYoungGen      total 150528K, used 136305K [0x0000000718600000, 0x0000000722e00000, 0x00000007c0000000)
  eden space 129024K, 100% used [0x0000000718600000,0x0000000720400000,0x0000000720400000)
  from space 21504K, 33% used [0x0000000720400000,0x0000000720b1c6f0,0x0000000721900000)
  to   space 21504K, 0% used [0x0000000721900000,0x0000000721900000,0x0000000722e00000)
 ParOldGen       total 344064K, used 16K [0x00000005c9200000, 0x00000005de200000, 0x0000000718600000)
  object space 344064K, 0% used [0x00000005c9200000,0x00000005c9204000,0x00000005de200000)
 Metaspace       used 17689K, capacity 17818K, committed 18176K, reserved 1064960K
  class space    used 2156K, capacity 2201K, committed 2304K, reserved 1048576K
Event: 0.902 GC heap after
Heap after GC invocations=2 (full 0):
 PSYoungGen      total 150528K, used 8598K [0x0000000718600000, 0x0000000722e00000, 0x00000007c0000000)
  eden space 129024K, 0% used [0x0000000718600000,0x0000000718600000,0x0000000720400000)
  from space 21504K, 39% used [0x0000000721900000,0x00000007221659d8,0x0000000722e00000)
  to   space 21504K, 0% used [0x0000000720400000,0x0000000720400000,0x0000000721900000)
 ParOldGen       total 344064K, used 24K [0x00000005c9200000, 0x00000005de200000, 0x0000000718600000)
  object space 344064K, 0% used [0x00000005c9200000,0x00000005c9206000,0x00000005de200000)
 Metaspace       used 17689K, capacity 17818K, committed 18176K, reserved 1064960K
  class space    used 2156K, capacity 2201K, committed 2304K, reserved 1048576K
}

