# JRE version: Java(TM) SE Runtime Environment (8.0_144-b01) (build 1.8.0_144-b01)
# Java VM: Java HotSpot(TM) 64-Bit Server VM (25.144-b01 mixed mode linux-amd64 compressed oops)
Heap:
 PSYoungGen      total 680448K, used 296622K [0x0000000718600000, 0x0000000759380000, 0x00000007c0000000)
  eden space 621568K, 47% used [0x0000000718600000,0x000000072a7aba88,0x000000073e500000)
  from space 58880K, 0% used [0x000000073e500000,0x000000073e500000,0x0000000741e80000)
  to   space 57344K, 0% used [0x0000000755b80000,0x0000000755b80000,0x0000000759380000)
 ParOldGen       total 263168K, used 36012K [0x00000005c9200000, 0x00000005d9300000, 0x0000000718600000)
  object space 263168K, 13% used [0x00000005c9200000,0x00000005cb52b118,0x00000005d9300000)
 Metaspace       used 42599K, capacity 43128K, committed 43392K, reserved 1087488K
  class space    used 4510K, capacity 4657K, committed 4736K, reserved 1048576K
GC Heap History (10 events):
Event: 5.437 GC heap before
{Heap before GC invocations=9 (full 1):
 PSYoungGen      total 244736K, used 244725K [0x0000000718600000, 0x0000000735780000, 0x00000007c0000000)
  eden space 225280K, 100% used [0x0000000718600000,0x0000000726200000,0x0000000726200000)
  from space 19456K, 99% used [0x0000000726200000,0x00000007274fd610,0x0000000727500000)
  to   space 28672K, 0% used [0x0000000733b80000,0x0000000733b80000,0x0000000735780000)
 ParOldGen       total 192000K, used 24230K [0x00000005c9200000, 0x00000005d4d80000, 0x0000000718600000)
  object space 192000K, 12% used [0x00000005c9200000,0x00000005ca9a9a78,0x00000005d4d80000)
 Metaspace       used 31442K, capacity 31784K, committed 32000K, reserved 1077248K
  class space    used 3379K, capacity 3492K, committed 3584K, reserved 1048576K
Event: 5.448 GC heap after
Heap after GC invocations=9 (full 1):
 PSYoungGen      total 443904K, used 27563K [0x0000000718600000, 0x0000000736100000, 0x00000007c0000000)
  eden space 415232K, 0% used [0x0000000718600000,0x0000000718600000,0x0000000731b80000)
  from space 28672K, 96% used [0x0000000733b80000,0x000000073566aee8,0x0000000735780000)
  to   space 32768K, 0% used [0x0000000731b80000,0x0000000731b80000,0x0000000733b80000)
 ParOldGen       total 192000K, used 25845K [0x00000005c9200000, 0x00000005d4d80000, 0x0000000718600000)
  object space 192000K, 13% used [0x00000005c9200000,0x00000005cab3d6a8,0x00000005d4d80000)
 Metaspace       used 31442K, capacity 31784K, committed 32000K, reserved 1077248K
  class space    used 3379K, capacity 3492K, committed 3584K, reserved 1048576K
}
Event: 5.950 GC heap before
{Heap before GC invocations=10 (full 1):
 PSYoungGen      total 443904K, used 442795K [0x0000000718600000, 0x0000000736100000, 0x00000007c0000000)
  eden space 415232K, 100% used [0x0000000718600000,0x0000000731b80000,0x0000000731b80000)
  from space 28672K, 96% used [0x0000000733b80000,0x000000073566aee8,0x0000000735780000)
  to   space 32768K, 0% used [0x0000000731b80000,0x0000000731b80000,0x0000000733b80000)
 ParOldGen       total 192000K, used 25845K [0x00000005c9200000, 0x00000005d4d80000, 0x0000000718600000)
  object space 192000K, 13% used [0x00000005c9200000,0x00000005cab3d6c0,0x00000005d4d80000)
 Metaspace       used 31461K, capacity 31784K, committed 32000K, reserved 1077248K
  class space    used 3379K, capacity 3492K, committed 3584K, reserved 1048576K
Event: 5.974 GC heap after
Heap after GC invocations=10 (full 1):
 PSYoungGen      total 448000K, used 32751K [0x0000000718600000, 0x0000000744c80000, 0x00000007c0000000)
  eden space 415232K, 0% used [0x0000000718600000,0x0000000718600000,0x0000000731b80000)
  from space 32768K, 99% used [0x0000000731b80000,0x0000000733b7bdf0,0x0000000733b80000)
  to   space 47104K, 0% used [0x0000000741e80000,0x0000000741e80000,0x0000000744c80000)
 ParOldGen       total 192000K, used 48489K [0x00000005c9200000, 0x00000005d4d80000, 0x0000000718600000)
  object space 192000K, 25% used [0x00000005c9200000,0x00000005cc15a750,0x00000005d4d80000)
 Metaspace       used 31461K, capacity 31784K, committed 32000K, reserved 1077248K
  class space    used 3379K, capacity 3492K, committed 3584K, reserved 1048576K
}
Event: 6.409 GC heap before
{Heap before GC invocations=11 (full 1):
 PSYoungGen      total 448000K, used 447983K [0x0000000718600000, 0x0000000744c80000, 0x00000007c0000000)
  eden space 415232K, 100% used [0x0000000718600000,0x0000000731b80000,0x0000000731b80000)
  from space 32768K, 99% used [0x0000000731b80000,0x0000000733b7bdf0,0x0000000733b80000)
  to   space 47104K, 0% used [0x0000000741e80000,0x0000000741e80000,0x0000000744c80000)
 ParOldGen       total 192000K, used 48493K [0x00000005c9200000, 0x00000005d4d80000, 0x0000000718600000)
  object space 192000K, 25% used [0x00000005c9200000,0x00000005cc15b758,0x00000005d4d80000)
 Metaspace       used 31480K, capacity 31790K, committed 32000K, reserved 1077248K
  class space    used 3379K, capacity 3493K, committed 3584K, reserved 1048576K
Event: 6.432 GC heap after
Heap after GC invocations=11 (full 1):
 PSYoungGen      total 668672K, used 47079K [0x0000000718600000, 0x0000000746580000, 0x00000007c0000000)
  eden space 621568K, 0% used [0x0000000718600000,0x0000000718600000,0x000000073e500000)
  from space 47104K, 99% used [0x0000000741e80000,0x0000000744c79f08,0x0000000744c80000)
  to   space 58880K, 0% used [0x000000073e500000,0x000000073e500000,0x0000000741e80000)
 ParOldGen       total 192000K, used 60308K [0x00000005c9200000, 0x00000005d4d80000, 0x0000000718600000)
  object space 192000K, 31% used [0x00000005c9200000,0x00000005ccce51c8,0x00000005d4d80000)
 Metaspace       used 31480K, capacity 31790K, committed 32000K, reserved 1077248K
  class space    used 3379K, capacity 3493K, committed 3584K, reserved 1048576K
}
Event: 6.939 GC heap before
{Heap before GC invocations=12 (full 1):
 PSYoungGen      total 668672K, used 282144K [0x0000000718600000, 0x0000000746580000, 0x00000007c0000000)
  eden space 621568K, 37% used [0x0000000718600000,0x0000000726b8e1c8,0x000000073e500000)
  from space 47104K, 99% used [0x0000000741e80000,0x0000000744c79f08,0x0000000744c80000)
  to   space 58880K, 0% used [0x000000073e500000,0x000000073e500000,0x0000000741e80000)
 ParOldGen       total 192000K, used 60308K [0x00000005c9200000, 0x00000005d4d80000, 0x0000000718600000)
  object space 192000K, 31% used [0x00000005c9200000,0x00000005ccce51c8,0x00000005d4d80000)
 Metaspace       used 34882K, capacity 35224K, committed 35456K, reserved 1081344K
  class space    used 3763K, capacity 3912K, committed 3968K, reserved 1048576K
Event: 6.955 GC heap after
Heap after GC invocations=12 (full 1):
 PSYoungGen      total 680448K, used 29848K [0x0000000718600000, 0x0000000759380000, 0x00000007c0000000)
  eden space 621568K, 0% used [0x0000000718600000,0x0000000718600000,0x000000073e500000)
  from space 58880K, 50% used [0x000000073e500000,0x0000000740226280,0x0000000741e80000)
  to   space 57344K, 0% used [0x0000000755b80000,0x0000000755b80000,0x0000000759380000)
 ParOldGen       total 192000K, used 64428K [0x00000005c9200000, 0x00000005d4d80000, 0x0000000718600000)
  object space 192000K, 33% used [0x00000005c9200000,0x00000005cd0eb1e8,0x00000005d4d80000)
 Metaspace       used 34882K, capacity 35224K, committed 35456K, reserved 1081344K
  class space    used 3763K, capacity 3912K, committed 3968K, reserved 1048576K
}
Event: 6.955 GC heap before
{Heap before GC invocations=13 (full 2):
 PSYoungGen      total 680448K, used 29848K [0x0000000718600000, 0x0000000759380000, 0x00000007c0000000)
  eden space 621568K, 0% used [0x0000000718600000,0x0000000718600000,0x000000073e500000)
  from space 58880K, 50% used [0x000000073e500000,0x0000000740226280,0x0000000741e80000)
  to   space 57344K, 0% used [0x0000000755b80000,0x0000000755b80000,0x0000000759380000)
 ParOldGen       total 192000K, used 64428K [0x00000005c9200000, 0x00000005d4d80000, 0x0000000718600000)
  object space 192000K, 33% used [0x00000005c9200000,0x00000005cd0eb1e8,0x00000005d4d80000)
 Metaspace       used 34882K, capacity 35224K, committed 35456K, reserved 1081344K
  class space    used 3763K, capacity 3912K, committed 3968K, reserved 1048576K
Event: 6.980 GC heap after
Heap after GC invocations=13 (full 2):
 PSYoungGen      total 680448K, used 0K [0x0000000718600000, 0x0000000759380000, 0x00000007c0000000)
  eden space 621568K, 0% used [0x0000000718600000,0x0000000718600000,0x000000073e500000)
  from space 58880K, 0% used [0x000000073e500000,0x000000073e500000,0x0000000741e80000)
  to   space 57344K, 0% used [0x0000000755b80000,0x0000000755b80000,0x0000000759380000)
 ParOldGen       total 263168K, used 36012K [0x00000005c9200000, 0x00000005d9300000, 0x0000000718600000)
  object space 263168K, 13% used [0x00000005c9200000,0x00000005cb52b118,0x00000005d9300000)
 Metaspace       used 34882K, capacity 35224K, committed 35456K, reserved 1081344K
  class space    used 3763K, capacity 3912K, committed 3968K, reserved 1048576K
}

