# JRE version: Java(TM) SE Runtime Environment (8.0_144-b01) (build 1.8.0_144-b01)
# Java VM: Java HotSpot(TM) 64-Bit Server VM (25.144-b01 mixed mode linux-amd64 compressed oops)
Heap:
 PSYoungGen      total 700416K, used 112488K [0x0000000718600000, 0x000000075b900000, 0x00000007c0000000)
  eden space 640512K, 17% used [0x0000000718600000,0x000000071f3da398,0x000000073f780000)
  from space 59904K, 0% used [0x000000073f780000,0x000000073f780000,0x0000000743200000)
  to   space 57856K, 0% used [0x0000000758080000,0x0000000758080000,0x000000075b900000)
 ParOldGen       total 240640K, used 24988K [0x00000005c9200000, 0x00000005d7d00000, 0x0000000718600000)
  object space 240640K, 10% used [0x00000005c9200000,0x00000005caa67110,0x00000005d7d00000)
 Metaspace       used 40669K, capacity 41142K, committed 41472K, reserved 1085440K
  class space    used 4377K, capacity 4510K, committed 4608K, reserved 1048576K
GC Heap History (10 events):
Event: 6.326 GC heap before
{Heap before GC invocations=9 (full 1):
 PSYoungGen      total 247296K, used 247289K [0x0000000718600000, 0x0000000736200000, 0x00000007c0000000)
  eden space 227840K, 100% used [0x0000000718600000,0x0000000726480000,0x0000000726480000)
  from space 19456K, 99% used [0x0000000726480000,0x000000072777e5d0,0x0000000727780000)
  to   space 29184K, 0% used [0x0000000734580000,0x0000000734580000,0x0000000736200000)
 ParOldGen       total 186368K, used 24574K [0x00000005c9200000, 0x00000005d4800000, 0x0000000718600000)
  object space 186368K, 13% used [0x00000005c9200000,0x00000005ca9ff848,0x00000005d4800000)
 Metaspace       used 31445K, capacity 31780K, committed 32000K, reserved 1077248K
  class space    used 3378K, capacity 3492K, committed 3584K, reserved 1048576K
Event: 6.337 GC heap after
Heap after GC invocations=9 (full 1):
 PSYoungGen      total 454144K, used 28021K [0x0000000718600000, 0x0000000736b00000, 0x00000007c0000000)
  eden space 424960K, 0% used [0x0000000718600000,0x0000000718600000,0x0000000732500000)
  from space 29184K, 96% used [0x0000000734580000,0x00000007360dd488,0x0000000736200000)
  to   space 33280K, 0% used [0x0000000732500000,0x0000000732500000,0x0000000734580000)
 ParOldGen       total 186368K, used 26185K [0x00000005c9200000, 0x00000005d4800000, 0x0000000718600000)
  object space 186368K, 14% used [0x00000005c9200000,0x00000005cab92488,0x00000005d4800000)
 Metaspace       used 31445K, capacity 31780K, committed 32000K, reserved 1077248K
  class space    used 3378K, capacity 3492K, committed 3584K, reserved 1048576K
}
Event: 6.843 GC heap before
{Heap before GC invocations=10 (full 1):
 PSYoungGen      total 454144K, used 452981K [0x0000000718600000, 0x0000000736b00000, 0x00000007c0000000)
  eden space 424960K, 100% used [0x0000000718600000,0x0000000732500000,0x0000000732500000)
  from space 29184K, 96% used [0x0000000734580000,0x00000007360dd488,0x0000000736200000)
  to   space 33280K, 0% used [0x0000000732500000,0x0000000732500000,0x0000000734580000)
 ParOldGen       total 186368K, used 26185K [0x00000005c9200000, 0x00000005d4800000, 0x0000000718600000)
  object space 186368K, 14% used [0x00000005c9200000,0x00000005cab92488,0x00000005d4800000)
 Metaspace       used 31464K, capacity 31780K, committed 32000K, reserved 1077248K
  class space    used 3378K, capacity 3492K, committed 3584K, reserved 1048576K
Event: 6.867 GC heap after
Heap after GC invocations=10 (full 1):
 PSYoungGen      total 458240K, used 33256K [0x0000000718600000, 0x0000000746000000, 0x00000007c0000000)
  eden space 424960K, 0% used [0x0000000718600000,0x0000000718600000,0x0000000732500000)
  from space 33280K, 99% used [0x0000000732500000,0x000000073457a290,0x0000000734580000)
  to   space 47104K, 0% used [0x0000000743200000,0x0000000743200000,0x0000000746000000)
 ParOldGen       total 186368K, used 48277K [0x00000005c9200000, 0x00000005d4800000, 0x0000000718600000)
  object space 186368K, 25% used [0x00000005c9200000,0x00000005cc1256f0,0x00000005d4800000)
 Metaspace       used 31464K, capacity 31780K, committed 32000K, reserved 1077248K
  class space    used 3378K, capacity 3492K, committed 3584K, reserved 1048576K
}
Event: 7.317 GC heap before
{Heap before GC invocations=11 (full 1):
 PSYoungGen      total 458240K, used 458216K [0x0000000718600000, 0x0000000746000000, 0x00000007c0000000)
  eden space 424960K, 100% used [0x0000000718600000,0x0000000732500000,0x0000000732500000)
  from space 33280K, 99% used [0x0000000732500000,0x000000073457a290,0x0000000734580000)
  to   space 47104K, 0% used [0x0000000743200000,0x0000000743200000,0x0000000746000000)
 ParOldGen       total 186368K, used 48277K [0x00000005c9200000, 0x00000005d4800000, 0x0000000718600000)
  object space 186368K, 25% used [0x00000005c9200000,0x00000005cc1256f0,0x00000005d4800000)
 Metaspace       used 31483K, capacity 31786K, committed 32000K, reserved 1077248K
  class space    used 3379K, capacity 3493K, committed 3584K, reserved 1048576K
Event: 7.340 GC heap after
Heap after GC invocations=11 (full 1):
 PSYoungGen      total 687616K, used 47102K [0x0000000718600000, 0x0000000747a80000, 0x00000007c0000000)
  eden space 640512K, 0% used [0x0000000718600000,0x0000000718600000,0x000000073f780000)
  from space 47104K, 99% used [0x0000000743200000,0x0000000745fff9a0,0x0000000746000000)
  to   space 59904K, 0% used [0x000000073f780000,0x000000073f780000,0x0000000743200000)
 ParOldGen       total 186368K, used 63217K [0x00000005c9200000, 0x00000005d4800000, 0x0000000718600000)
  object space 186368K, 33% used [0x00000005c9200000,0x00000005ccfbc4a8,0x00000005d4800000)
 Metaspace       used 31483K, capacity 31786K, committed 32000K, reserved 1077248K
  class space    used 3379K, capacity 3493K, committed 3584K, reserved 1048576K
}
Event: 7.619 GC heap before
{Heap before GC invocations=12 (full 1):
 PSYoungGen      total 687616K, used 206295K [0x0000000718600000, 0x0000000747a80000, 0x00000007c0000000)
  eden space 640512K, 24% used [0x0000000718600000,0x00000007221763a0,0x000000073f780000)
  from space 47104K, 99% used [0x0000000743200000,0x0000000745fff9a0,0x0000000746000000)
  to   space 59904K, 0% used [0x000000073f780000,0x000000073f780000,0x0000000743200000)
 ParOldGen       total 186368K, used 63217K [0x00000005c9200000, 0x00000005d4800000, 0x0000000718600000)
  object space 186368K, 33% used [0x00000005c9200000,0x00000005ccfbc4a8,0x00000005d4800000)
 Metaspace       used 34880K, capacity 35152K, committed 35456K, reserved 1081344K
  class space    used 3767K, capacity 3886K, committed 3968K, reserved 1048576K
Event: 7.629 GC heap after
Heap after GC invocations=12 (full 1):
 PSYoungGen      total 700416K, used 18108K [0x0000000718600000, 0x000000075b900000, 0x00000007c0000000)
  eden space 640512K, 0% used [0x0000000718600000,0x0000000718600000,0x000000073f780000)
  from space 59904K, 30% used [0x000000073f780000,0x000000074092f1c0,0x0000000743200000)
  to   space 57856K, 0% used [0x0000000758080000,0x0000000758080000,0x000000075b900000)
 ParOldGen       total 186368K, used 67761K [0x00000005c9200000, 0x00000005d4800000, 0x0000000718600000)
  object space 186368K, 36% used [0x00000005c9200000,0x00000005cd42c4d8,0x00000005d4800000)
 Metaspace       used 34880K, capacity 35152K, committed 35456K, reserved 1081344K
  class space    used 3767K, capacity 3886K, committed 3968K, reserved 1048576K
}
Event: 7.629 GC heap before
{Heap before GC invocations=13 (full 2):
 PSYoungGen      total 700416K, used 18108K [0x0000000718600000, 0x000000075b900000, 0x00000007c0000000)
  eden space 640512K, 0% used [0x0000000718600000,0x0000000718600000,0x000000073f780000)
  from space 59904K, 30% used [0x000000073f780000,0x000000074092f1c0,0x0000000743200000)
  to   space 57856K, 0% used [0x0000000758080000,0x0000000758080000,0x000000075b900000)
 ParOldGen       total 186368K, used 67761K [0x00000005c9200000, 0x00000005d4800000, 0x0000000718600000)
  object space 186368K, 36% used [0x00000005c9200000,0x00000005cd42c4d8,0x00000005d4800000)
 Metaspace       used 34880K, capacity 35152K, committed 35456K, reserved 1081344K
  class space    used 3767K, capacity 3886K, committed 3968K, reserved 1048576K
Event: 7.648 GC heap after
Heap after GC invocations=13 (full 2):
 PSYoungGen      total 700416K, used 0K [0x0000000718600000, 0x000000075b900000, 0x00000007c0000000)
  eden space 640512K, 0% used [0x0000000718600000,0x0000000718600000,0x000000073f780000)
  from space 59904K, 0% used [0x000000073f780000,0x000000073f780000,0x0000000743200000)
  to   space 57856K, 0% used [0x0000000758080000,0x0000000758080000,0x000000075b900000)
 ParOldGen       total 240640K, used 24988K [0x00000005c9200000, 0x00000005d7d00000, 0x0000000718600000)
  object space 240640K, 10% used [0x00000005c9200000,0x00000005caa67110,0x00000005d7d00000)
 Metaspace       used 34880K, capacity 35152K, committed 35456K, reserved 1081344K
  class space    used 3767K, capacity 3886K, committed 3968K, reserved 1048576K
}

